[2026-04-30 15:31:21][info] Start build android, destPath=E:\Object\layaframe3/release/android
[2026-04-30 15:31:21][info] 正在初始化
[2026-04-30 15:31:21][info] Run .onSetup
[2026-04-30 15:31:21][info] 正在清理旧数据
[2026-04-30 15:31:22][info] 开始构建
[2026-04-30 15:31:22][info] Run .onStart
[2026-04-30 15:31:22][info] 正在准备资源
[2026-04-30 15:31:22][info] ExportAssetTool: 20 assets to parse
[2026-04-30 15:31:22][info] ExportAssetTool: 33 assets to parse
[2026-04-30 15:31:22][info] 正在导出资源
[2026-04-30 15:31:22][info] ExportAssetTool: 55 items to write
[2026-04-30 15:31:22][info] ExportAssetTool: Create internal/UI/comp.atlas, 30 images.
[2026-04-30 15:31:22][info] ExportAssetTool: Create atlas/comp.atlas, 38 images.
[2026-04-30 15:31:22][info] ExportAssetTool: Created internal/UI/comp.atlas
[2026-04-30 15:31:22][info] ExportAssetTool: Created atlas/comp.atlas
[2026-04-30 15:31:22][info] 正在编译和打包脚本
[2026-04-30 15:31:23][info] 正在拷贝文件
[2026-04-30 15:31:23][info] 正在创建清单文件
[2026-04-30 15:31:23][info] Run .onCreateManifest
[2026-04-30 15:31:24][info] 正在创建包
[2026-04-30 15:31:24][info] Run .onCreatePackage
[2026-04-30 15:31:24][info] 正在结束构建
[2026-04-30 15:31:24][info] Cleanup cache
[2026-04-30 15:31:24][info] Build end, result=Success